<?xml version="1.0" encoding="UTF-8"?>
<!-- Generated by org.testng.reporters.JUnitReportReporter -->
<testsuite skipped="0" hostname="PC1" name="com.pom.qa.TestCases.MainpageTest" tests="3" failures="0" timestamp="2019-12-23T10:44:07 IST" time="37.142" errors="0">
  <testcase name="MainPageTitleTest" time="13.647" classname="com.pom.qa.TestCases.MainpageTest"/>
  <testcase name="signinbtnvisibleTest" time="10.513" classname="com.pom.qa.TestCases.MainpageTest"/>
  <testcase name="SiginBtnClickTest" time="12.982" classname="com.pom.qa.TestCases.MainpageTest"/>
</testsuite> <!-- com.pom.qa.TestCases.MainpageTest -->
