<?xml version="1.0" encoding="UTF-8"?>
<!-- Generated by org.testng.reporters.JUnitReportReporter -->
<testsuite skipped="0" hostname="PC1" name="com.pom.qa.TestCases.SiginpageTest" tests="2" failures="0" timestamp="2019-12-23T10:44:07 IST" time="83.566" errors="0">
  <testcase name="PageSigninTest" time="30.830" classname="com.pom.qa.TestCases.SiginpageTest"/>
  <testcase name="SigninTitleTest" time="52.736" classname="com.pom.qa.TestCases.SiginpageTest"/>
</testsuite> <!-- com.pom.qa.TestCases.SiginpageTest -->
