<?xml version="1.0" encoding="UTF-8"?>
<!-- Generated by org.testng.reporters.JUnitReportReporter -->
<testsuite skipped="0" hostname="PC1" name="com.pom.qa.TestCases.SiginpageTest" tests="2" failures="0" timestamp="2019-11-15T10:50:13 IST" time="52.854" errors="0">
  <testcase name="PageSigninTest" time="31.141" classname="com.pom.qa.TestCases.SiginpageTest"/>
  <testcase name="SigninTitleTest" time="21.713" classname="com.pom.qa.TestCases.SiginpageTest"/>
</testsuite> <!-- com.pom.qa.TestCases.SiginpageTest -->
