<?xml version="1.0" encoding="UTF-8"?>
<!-- Generated by org.testng.reporters.JUnitReportReporter -->
<testsuite skipped="0" hostname="PC1" name="com.pom.qa.TestCases.MainpageTest" tests="3" failures="0" timestamp="2019-11-15T10:50:13 IST" time="65.616" errors="0">
  <testcase name="MainPageTitleTest" time="18.060" classname="com.pom.qa.TestCases.MainpageTest"/>
  <testcase name="signinbtnvisibleTest" time="26.307" classname="com.pom.qa.TestCases.MainpageTest"/>
  <testcase name="SiginBtnClickTest" time="21.249" classname="com.pom.qa.TestCases.MainpageTest"/>
</testsuite> <!-- com.pom.qa.TestCases.MainpageTest -->
